<?xml version="1.0" encoding="UTF-8"?>
<testng-results skipped="0" failed="0" ignored="0" total="1" passed="1">
  <reporter-output>
  </reporter-output>
  <suite name="Default suite" duration-ms="11150" started-at="2020-01-20T09:26:37Z" finished-at="2020-01-20T09:26:48Z">
    <groups>
    </groups>
    <test name="Default test" duration-ms="11150" started-at="2020-01-20T09:26:37Z" finished-at="2020-01-20T09:26:48Z">
      <class name="MCTLoginTest.LoginTest">
        <test-method status="PASS" signature="LoginTestSc()[pri:0, instance:MCTLoginTest.LoginTest@14acaea5]" name="LoginTestSc" duration-ms="11112" started-at="2020-01-20T09:26:37Z" finished-at="2020-01-20T09:26:48Z">
          <reporter-output>
          </reporter-output>
        </test-method> <!-- LoginTestSc -->
      </class> <!-- MCTLoginTest.LoginTest -->
    </test> <!-- Default test -->
  </suite> <!-- Default suite -->
</testng-results>
